0 info it worked if it ends with ok
1 verbose cli [ '/usr/local/bin/node',
1 verbose cli   '/usr/local/bin/npm',
1 verbose cli   'version',
1 verbose cli   '0.0.1' ]
2 info using npm@4.1.2
3 info using node@v7.7.3
4 verbose stack Error: Version not changed
4 verbose stack     at persistVersion (/usr/local/lib/node_modules/npm/lib/version.js:92:47)
4 verbose stack     at /usr/local/lib/node_modules/npm/lib/version.js:47:7
4 verbose stack     at /usr/local/lib/node_modules/npm/lib/version.js:119:5
4 verbose stack     at /usr/local/lib/node_modules/npm/node_modules/graceful-fs/graceful-fs.js:78:16
4 verbose stack     at FSReqWrap.readFileAfterClose [as oncomplete] (fs.js:438:3)
5 verbose cwd /mnt/c/Users/Mr Zach/WebstormProjects/redux-handler-middleware
6 error Linux 4.4.0-43-Microsoft
7 error argv "/usr/local/bin/node" "/usr/local/bin/npm" "version" "0.0.1"
8 error node v7.7.3
9 error npm  v4.1.2
10 error Version not changed
11 error If you need help, you may report this error at:
11 error     <https://github.com/npm/npm/issues>
12 verbose exit [ 1, true ]
